<?xml version="1.0" encoding="UTF-8"?>
<testsuite xmlns:xsi="http://www.w3.org/2001/XMLSchema-instance" xsi:noNamespaceSchemaLocation="https://maven.apache.org/surefire/maven-surefire-plugin/xsd/surefire-test-report.xsd" version="3.0.2" name="mx.unam.aragon.ico.is.websimple11.Websimple11ApplicationTests" time="2.875" tests="1" errors="0" skipped="0" failures="0">
  <properties>
[...]
</properties>
  <testcase name="contextLoads" classname="mx.unam.aragon.ico.is.websimple11.Websimple11ApplicationTests" time="0.653">
    <system-out><![CDATA[23:16:35.693 [main] INFO org.springframework.test.context.support.AnnotationConfigContextLoaderUtils -- Could not detect default configuration classes for test class [mx.unam.aragon.ico.is.websimple11.Websimple11ApplicationTests]: Websimple11ApplicationTests does not declare any static, non-private, non-final, nested classes annotated with @Configuration.
23:16:35.810 [main] INFO org.springframework.boot.test.context.SpringBootTestContextBootstrapper -- Found @SpringBootConfiguration mx.unam.aragon.ico.is.websimple11.Websimple11Application for test class mx.unam.aragon.ico.is.websimple11.Websimple11ApplicationTests

  .   ____          _            __ _ _
 /\\ / ___'_ __ _ _(_)_ __  __ _ \ \ \ \
( ( )\___ | '_ | '_| | '_ \/ _` | \ \ \ \
 \\/  ___)| |_)| | | | | || (_| |  ) ) ) )
  '  |____| .__|_| |_|_| |_\__, | / / / /
 =========|_|==============|___/=/_/_/_/

 :: Spring Boot ::                (v3.4.5)

2025-05-20T23:16:36.265-06:00  INFO 31548 --- [websimple11] [           main] m.u.a.i.i.w.Websimple11ApplicationTests  : Starting Websimple11ApplicationTests using Java 17.0.12 with PID 31548 (started by adany in C:\Users\adany\Downloads\websimple11\websimple11)
2025-05-20T23:16:36.267-06:00  INFO 31548 --- [websimple11] [           main] m.u.a.i.i.w.Websimple11ApplicationTests  : No active profile set, falling back to 1 default profile: "default"
2025-05-20T23:16:37.304-06:00  INFO 31548 --- [websimple11] [           main] o.s.b.a.w.s.WelcomePageHandlerMapping    : Adding welcome page template: index
2025-05-20T23:16:37.768-06:00  INFO 31548 --- [websimple11] [           main] m.u.a.i.i.w.Websimple11ApplicationTests  : Started Websimple11ApplicationTests in 1.768 seconds (process running for 2.724)
]]></system-out>
  </testcase>
</testsuite>